35,ACT,0
50,RDA,0
51,ACT,4
66,RDA,4
86,ACT,0
101,RDA,0
102,ACT,2
117,RDA,2
119,ACT,5
134,RDA,5
137,ACT,0
152,RDA,0
159,ACT,3
174,RDA,3
195,ACT,0
210,RDA,0
232,ACT,4
247,RDA,4
248,ACT,3
263,RDA,3
283,ACT,4
298,RDA,4
334,ACT,4
349,RDA,4
385,ACT,4
400,RDA,4
436,ACT,4
451,RDA,4
487,ACT,4
502,RDA,4
538,ACT,4
553,RDA,4
589,ACT,4
604,RDA,4
640,ACT,4
655,RDA,4
691,ACT,4
706,RDA,4
742,ACT,4
757,RDA,4
793,ACT,4
808,RDA,4
809,ACT,0
824,RDA,0
825,ACT,2
840,RDA,2
860,ACT,0
875,RDA,0
911,ACT,0
926,RDA,0
927,ACT,1
942,RDA,1
978,ACT,1
993,RDA,1
1029,ACT,1
1044,RDA,1
1080,ACT,1
1095,RDA,1
1096,ACT,2
1111,RDA,2
1131,ACT,1
1146,RDA,1
1182,ACT,1
1197,RDA,1
1198,ACT,0
1213,RDA,0
1249,ACT,0
1264,RDA,0
1265,ACT,1
1280,RDA,1
1281,ACT,3
1296,RDA,3
1300,ACT,0
1315,RDA,0
1351,ACT,0
1366,RDA,0
1402,ACT,0
1417,RDA,0
1453,ACT,0
1468,RDA,0
1469,ACT,1
1484,RDA,1
1504,ACT,0
1519,RDA,0
1555,ACT,0
1570,RDA,0
1606,ACT,0
1621,RDA,0
1657,ACT,0
1672,RDA,0
1673,ACT,5
1688,RDA,5
1724,ACT,5
1739,RDA,5
1740,ACT,3
1755,RDA,3
1775,ACT,5
1790,RDA,5
1826,ACT,5
1841,RDA,5
1842,ACT,3
1857,RDA,3
1877,ACT,5
1892,RDA,5
1893,ACT,1
1908,RDA,1
1944,ACT,1
1959,RDA,1
1995,ACT,1
2010,RDA,1
2011,ACT,2
2026,RDA,2
2027,ACT,5
2042,RDA,5
2078,ACT,5
2093,RDA,5
2129,ACT,5
2144,RDA,5
2180,ACT,5
2195,RDA,5
2196,ACT,1
2211,RDA,1
2212,ACT,2
2227,RDA,2
2247,ACT,1
2262,RDA,1
2298,ACT,1
2313,RDA,1
2349,ACT,1
2364,RDA,1
2400,ACT,1
2415,RDA,1
2451,ACT,1
2466,RDA,1
2502,ACT,1
2517,RDA,1
2553,ACT,1
2568,RDA,1
2569,ACT,6
2584,RDA,6
2585,ACT,2
2600,RDA,2
2620,ACT,6
2635,RDA,6
2671,ACT,6
2686,RDA,6
2687,ACT,2
2702,RDA,2
2703,ACT,5
2718,RDA,5
2754,ACT,5
2769,RDA,5
2770,ACT,2
2785,RDA,2
2821,ACT,2
2836,RDA,2
2837,ACT,3
2852,RDA,3
2853,ACT,7
2868,RDA,7
2904,ACT,7
2919,RDA,7
2920,ACT,2
2935,RDA,2
2936,ACT,1
2951,RDA,1
2987,ACT,1
3002,RDA,1
3003,ACT,7
3018,RDA,7
3019,ACT,2
3034,RDA,2
3035,ACT,5
3050,RDA,5
3086,ACT,5
3101,RDA,5
3137,ACT,5
3152,RDA,5
3188,REF,0
3292,ACT,1
3307,RDA,1
3343,ACT,1
3358,RDA,1
3359,ACT,3
3374,RDA,3
3394,ACT,1
3409,RDA,1
3410,ACT,3
3425,RDA,3
3461,ACT,3
3476,RDA,3
3512,ACT,3
3527,RDA,3
3563,ACT,3
3578,RDA,3
3614,ACT,3
3629,RDA,3
3665,ACT,3
3680,RDA,3
3716,ACT,3
3731,RDA,3
3767,ACT,3
3782,RDA,3
3818,ACT,3
3833,RDA,3
3869,ACT,3
3884,RDA,3
3920,ACT,3
3935,RDA,3
3971,ACT,3
3986,RDA,3
4022,ACT,3
4037,RDA,3
4073,ACT,3
4088,RDA,3
4124,ACT,3
4139,RDA,3
4175,ACT,3
4190,RDA,3
4226,ACT,3
4241,RDA,3
4277,ACT,3
4292,RDA,3
4328,ACT,3
4343,RDA,3
4379,ACT,3
4394,RDA,3
4430,ACT,3
4445,RDA,3
4481,ACT,3
4496,RDA,3
4532,ACT,3
4547,RDA,3
4583,ACT,3
4598,RDA,3
4634,ACT,3
4649,RDA,3
4685,ACT,3
4700,RDA,3
4736,ACT,3
4751,RDA,3
4787,ACT,3
4802,RDA,3
4838,ACT,3
4853,RDA,3
4889,ACT,3
4904,RDA,3
4940,ACT,3
4955,RDA,3
4991,ACT,3
5006,RDA,3
5042,ACT,3
5057,RDA,3
5093,ACT,3
5108,RDA,3
5144,ACT,3
5159,RDA,3
5195,ACT,3
5210,RDA,3
5246,ACT,3
5261,RDA,3
5297,ACT,3
5312,RDA,3
5348,ACT,3
5363,RDA,3
5399,ACT,3
5414,RDA,3
5450,ACT,3
5465,RDA,3
5501,ACT,3
5516,RDA,3
5552,ACT,3
5567,RDA,3
5603,ACT,3
5618,RDA,3
5654,ACT,3
5669,RDA,3
5705,ACT,3
5720,RDA,3
5756,ACT,3
5771,RDA,3
5807,ACT,3
5822,RDA,3
5858,ACT,3
5873,RDA,3
5909,ACT,3
5924,RDA,3
5960,ACT,3
5975,RDA,3
6011,ACT,3
6026,RDA,3
6062,ACT,3
6077,RDA,3
6113,ACT,3
6128,RDA,3
6164,ACT,3
6179,RDA,3
6215,ACT,3
6230,RDA,3
6266,ACT,3
6281,RDA,3
6317,REF,0
6421,ACT,3
6436,RDA,3
6472,ACT,3
6487,RDA,3
6523,ACT,3
6538,RDA,3
6574,ACT,3
6589,RDA,3
6625,ACT,3
6640,RDA,3
6676,ACT,3
6691,RDA,3
6692,ACT,4
6707,RDA,4
6743,ACT,4
6758,RDA,4
6794,ACT,4
6809,RDA,4
6845,ACT,4
6860,RDA,4
6896,ACT,4
6911,RDA,4
6947,ACT,4
6962,RDA,4
6998,ACT,4
7013,RDA,4
7049,ACT,4
7064,RDA,4
7100,ACT,4
7115,RDA,4
7151,ACT,4
7166,RDA,4
7202,ACT,4
7217,RDA,4
7253,ACT,4
7268,RDA,4
7304,ACT,4
7319,RDA,4
7355,ACT,4
7370,RDA,4
7406,ACT,4
7421,RDA,4
7457,ACT,4
7472,RDA,4
7508,ACT,4
7523,RDA,4
7559,ACT,4
7574,RDA,4
7610,ACT,4
7625,RDA,4
7661,ACT,4
7676,RDA,4
7712,ACT,4
7727,RDA,4
7763,ACT,4
7778,RDA,4
7814,ACT,4
7829,RDA,4
7865,ACT,4
7880,RDA,4
7916,ACT,4
7931,RDA,4
7967,ACT,4
7982,RDA,4
8018,ACT,4
8033,RDA,4
8069,ACT,4
8084,RDA,4
8120,ACT,4
8135,RDA,4
8171,ACT,4
8186,RDA,4
8222,ACT,4
8237,RDA,4
8273,ACT,4
8288,RDA,4
8324,ACT,4
8339,RDA,4
8375,ACT,4
8390,RDA,4
8426,ACT,4
8441,RDA,4
8477,ACT,4
8492,RDA,4
8528,ACT,4
8543,RDA,4
8579,ACT,4
8594,RDA,4
8630,ACT,4
8645,RDA,4
8681,ACT,4
8696,RDA,4
8732,ACT,4
8747,RDA,4
8783,ACT,4
8798,RDA,4
8834,ACT,4
8849,RDA,4
8885,ACT,4
8900,RDA,4
8936,ACT,4
8951,RDA,4
8987,ACT,4
9002,RDA,4
9038,ACT,4
9053,RDA,4
9089,ACT,4
9104,RDA,4
9140,ACT,4
9155,RDA,4
9191,ACT,4
9206,RDA,4
9242,ACT,4
9257,RDA,4
9293,ACT,4
9308,RDA,4
9344,ACT,4
9359,RDA,4
9395,REF,0
9499,ACT,4
9514,RDA,4
9550,ACT,4
9565,RDA,4
9601,ACT,4
9616,RDA,4
9652,ACT,4
9667,RDA,4
9703,ACT,4
9718,RDA,4
9754,ACT,4
9769,RDA,4
9805,ACT,4
9820,RDA,4
9856,ACT,4
9871,RDA,4
9907,ACT,4
9922,RDA,4
9958,ACT,4
9973,RDA,4
10009,ACT,4
10024,RDA,4
10060,ACT,4
10075,RDA,4
10111,ACT,4
10126,RDA,4
10162,ACT,4
10177,RDA,4
10213,ACT,4
10228,RDA,4
10264,ACT,4
10279,RDA,4
10315,ACT,4
10330,RDA,4
10366,ACT,4
10381,RDA,4
10417,ACT,4
10432,RDA,4
10468,ACT,4
10483,RDA,4
10519,ACT,4
10534,RDA,4
10570,ACT,4
10585,RDA,4
10621,ACT,4
10636,RDA,4
10672,ACT,4
10687,RDA,4
10723,ACT,4
10738,RDA,4
10774,ACT,4
10789,RDA,4
10825,ACT,4
10840,RDA,4
10876,ACT,4
10891,RDA,4
10927,ACT,4
10942,RDA,4
10978,ACT,4
10993,RDA,4
11029,ACT,4
11044,RDA,4
11080,ACT,4
11095,RDA,4
11131,ACT,4
11146,RDA,4
11182,ACT,4
11197,RDA,4
11233,ACT,4
11248,RDA,4
11284,ACT,4
11299,RDA,4
11335,ACT,4
11350,RDA,4
11386,ACT,4
11401,RDA,4
11437,ACT,4
11452,RDA,4
11488,ACT,4
11503,RDA,4
11539,ACT,4
11554,RDA,4
11590,ACT,4
11605,RDA,4
11641,ACT,4
11656,RDA,4
11692,ACT,4
11707,RDA,4
11743,ACT,4
11758,RDA,4
11794,ACT,4
11809,RDA,4
11845,ACT,4
11860,RDA,4
11896,ACT,4
11911,RDA,4
11947,ACT,4
11962,RDA,4
11998,ACT,4
12013,RDA,4
12049,ACT,4
12064,RDA,4
12100,ACT,4
12115,RDA,4
12151,ACT,4
12166,RDA,4
12202,ACT,4
12217,RDA,4
12253,ACT,4
12268,RDA,4
12304,ACT,4
12319,RDA,4
12355,ACT,4
12370,RDA,4
12406,ACT,4
12421,RDA,4
12457,ACT,4
12472,RDA,4
12508,ACT,4
12523,RDA,4
12559,REF,0
12663,ACT,4
12678,RDA,4
12714,ACT,4
12729,RDA,4
12765,ACT,4
12780,RDA,4
12816,ACT,4
12831,RDA,4
12867,ACT,4
12882,RDA,4
12918,ACT,4
12933,RDA,4
12969,ACT,4
12984,RDA,4
13020,ACT,4
13035,RDA,4
13071,ACT,4
13086,RDA,4
13122,ACT,4
13137,RDA,4
13173,ACT,4
13188,RDA,4
13224,ACT,4
13239,RDA,4
13275,ACT,4
13290,RDA,4
13326,ACT,4
13341,RDA,4
13377,ACT,4
13392,RDA,4
13393,ACT,5
13408,RDA,5
13409,ACT,6
13424,RDA,6
13460,ACT,6
13475,RDA,6
13511,ACT,6
13526,RDA,6
13562,ACT,6
13577,RDA,6
13578,ACT,3
13593,RDA,3
13613,ACT,6
13628,RDA,6
13664,ACT,6
13679,RDA,6
13715,ACT,6
13730,RDA,6
13766,ACT,6
13781,RDA,6
13817,ACT,6
13832,RDA,6
13868,ACT,6
13883,RDA,6
13919,ACT,6
13934,RDA,6
13935,ACT,3
13950,RDA,3
13970,ACT,6
13985,RDA,6
14021,ACT,6
14036,RDA,6
14072,ACT,6
14087,RDA,6
14123,ACT,6
14138,RDA,6
14174,ACT,6
14189,RDA,6
14225,ACT,6
14240,RDA,6
14276,ACT,6
14291,RDA,6
14327,ACT,6
14342,RDA,6
14378,ACT,6
14393,RDA,6
14429,ACT,6
14444,RDA,6
14480,ACT,6
14495,RDA,6
14531,ACT,6
14546,RDA,6
14582,ACT,6
14597,RDA,6
14598,ACT,5
14613,RDA,5
14633,ACT,6
14648,RDA,6
14649,ACT,5
14664,RDA,5
14700,ACT,5
14715,RDA,5
14751,ACT,5
14766,RDA,5
14802,ACT,5
14817,RDA,5
14853,ACT,5
14868,RDA,5
14904,ACT,5
14919,RDA,5
14955,ACT,5
14970,RDA,5
15006,ACT,5
15021,RDA,5
15057,ACT,5
15072,RDA,5
15108,ACT,5
15123,RDA,5
15159,ACT,5
15174,RDA,5
15210,ACT,5
15225,RDA,5
15261,ACT,5
15276,RDA,5
15312,ACT,5
15327,RDA,5
15363,ACT,5
15378,RDA,5
15414,ACT,5
15429,RDA,5
15465,ACT,5
15480,RDA,5
15516,ACT,5
15531,RDA,5
15567,ACT,5
15582,RDA,5
15618,ACT,5
15633,RDA,5
15669,REF,0
15773,ACT,5
15788,RDA,5
15824,ACT,5
15839,RDA,5
15875,ACT,5
15890,RDA,5
15926,ACT,5
15941,RDA,5
15977,ACT,5
15992,RDA,5
16028,ACT,5
16043,RDA,5
16079,ACT,5
16094,RDA,5
16130,ACT,5
16145,RDA,5
16181,ACT,5
16196,RDA,5
16232,ACT,5
16247,RDA,5
16248,ACT,6
16263,RDA,6
16299,ACT,6
16314,RDA,6
16350,ACT,6
16365,RDA,6
16366,ACT,5
16381,RDA,5
16382,ACT,7
16397,RDA,7
16433,ACT,7
16448,RDA,7
16449,ACT,5
16464,RDA,5
16484,ACT,7
16499,RDA,7
16500,ACT,1
16515,RDA,1
16516,ACT,5
16531,RDA,5
16532,ACT,2
16547,RDA,2
16583,ACT,2
16598,RDA,2
16634,ACT,2
16649,RDA,2
16685,ACT,2
16700,RDA,2
16701,ACT,7
16716,RDA,7
16752,ACT,7
16767,RDA,7
16768,ACT,2
16783,RDA,2
16784,ACT,5
16799,RDA,5
16835,ACT,5
16850,RDA,5
16851,ACT,0
16866,RDA,0
16902,ACT,0
16917,RDA,0
16918,ACT,7
16933,RDA,7
16969,ACT,7
16984,RDA,7
17020,ACT,7
17035,RDA,7
17071,ACT,7
17086,RDA,7
17122,ACT,7
17137,RDA,7
17173,ACT,7
17188,RDA,7
17224,ACT,7
17239,RDA,7
17275,ACT,7
17290,RDA,7
17326,ACT,7
17341,RDA,7
17377,ACT,7
17392,RDA,7
17428,ACT,7
17443,RDA,7
17479,ACT,7
17494,RDA,7
17530,ACT,7
17545,RDA,7
17581,ACT,7
17596,RDA,7
17632,ACT,7
17647,RDA,7
17648,ACT,0
17663,RDA,0
17683,ACT,7
17698,RDA,7
17699,ACT,2
17714,RDA,2
17750,ACT,2
17765,RDA,2
17801,ACT,2
17816,RDA,2
17817,ACT,7
17832,RDA,7
17852,ACT,2
17867,RDA,2
17903,ACT,2
17918,RDA,2
17954,ACT,2
17969,RDA,2
17970,ACT,7
17985,RDA,7
18021,ACT,7
18036,RDA,7
18072,ACT,7
18087,RDA,7
18123,ACT,7
18138,RDA,7
18174,ACT,7
18189,RDA,7
18225,ACT,7
18240,RDA,7
18276,ACT,7
18291,RDA,7
18327,ACT,7
18342,RDA,7
18378,ACT,7
18393,RDA,7
18429,ACT,7
18444,RDA,7
18480,ACT,7
18495,RDA,7
18496,ACT,6
18511,RDA,6
18547,ACT,6
18562,RDA,6
18598,ACT,6
18613,RDA,6
18649,ACT,6
18664,RDA,6
18700,ACT,6
18715,RDA,6
18751,ACT,6
18766,RDA,6
18802,REF,0
18906,ACT,6
18921,RDA,6
18957,ACT,6
18972,RDA,6
19008,ACT,6
19023,RDA,6
19059,ACT,6
19074,RDA,6
19110,ACT,6
19125,RDA,6
19161,ACT,6
19176,RDA,6
19212,ACT,6
19227,RDA,6
19228,ACT,2
19243,RDA,2
19279,ACT,2
19294,RDA,2
19295,ACT,7
19310,RDA,7
19346,ACT,7
19361,RDA,7
19362,ACT,2
19377,RDA,2
19378,ACT,6
19393,RDA,6
19429,ACT,6
19444,RDA,6
19480,ACT,6
19495,RDA,6
19531,ACT,6
19546,RDA,6
19582,ACT,6
19597,RDA,6
19598,ACT,1
19613,RDA,1
19614,ACT,7
19629,RDA,7
19665,ACT,7
19680,RDA,7
19681,ACT,6
19696,RDA,6
19732,ACT,6
19747,RDA,6
19783,ACT,6
19798,RDA,6
19834,ACT,6
19849,RDA,6
19885,ACT,6
19900,RDA,6
19901,ACT,5
19916,RDA,5
19936,ACT,6
19951,RDA,6
19987,ACT,6
20002,RDA,6
20003,ACT,7
20018,RDA,7
20054,ACT,7
20069,RDA,7
20070,ACT,2
20085,RDA,2
20105,ACT,7
20120,RDA,7
20156,ACT,7
20171,RDA,7
20207,ACT,7
20222,RDA,7
20258,ACT,7
20273,RDA,7
20274,ACT,2
20289,RDA,2
20325,ACT,2
20340,RDA,2
20376,ACT,2
20391,RDA,2
20392,ACT,7
20407,RDA,7
20443,ACT,7
20458,RDA,7
20494,ACT,7
20509,RDA,7
20545,ACT,7
20560,RDA,7
20561,ACT,3
20576,RDA,3
20577,ACT,5
20592,RDA,5
20593,ACT,0
20608,RDA,0
20609,ACT,7
20624,RDA,7
20625,ACT,2
20640,RDA,2
20676,ACT,2
20691,RDA,2
20727,ACT,2
20742,RDA,2
20743,ACT,7
20758,RDA,7
20794,ACT,7
20809,RDA,7
20845,ACT,7
20860,RDA,7
20896,ACT,7
20911,RDA,7
20947,ACT,7
20962,RDA,7
20963,ACT,2
20978,RDA,2
21014,ACT,2
21029,RDA,2
21065,ACT,2
21080,RDA,2
21116,ACT,2
21131,RDA,2
21167,ACT,2
21182,RDA,2
21183,ACT,3
21198,RDA,3
21218,ACT,2
21233,RDA,2
21269,ACT,2
21284,RDA,2
21320,ACT,2
21335,RDA,2
21371,ACT,2
21386,RDA,2
21387,ACT,1
21402,RDA,1
21403,ACT,7
21418,RDA,7
21419,ACT,4
21434,RDA,4
21470,ACT,4
21485,RDA,4
21486,ACT,3
21501,RDA,3
21521,ACT,4
21536,RDA,4
21537,ACT,3
21552,RDA,3
21572,ACT,4
21587,RDA,4
21588,ACT,2
21603,RDA,2
21623,ACT,4
21638,RDA,4
21639,ACT,2
21654,RDA,2
21690,ACT,2
21705,RDA,2
21741,ACT,2
21756,RDA,2
21792,ACT,2
21807,RDA,2
21843,ACT,2
21858,RDA,2
21894,REF,0
21998,ACT,2
22013,RDA,2
22049,ACT,2
22064,RDA,2
22100,ACT,2
22115,RDA,2
22151,ACT,2
22166,RDA,2
22167,ACT,3
22182,RDA,3
22183,ACT,1
22198,RDA,1
22202,ACT,2
22217,RDA,2
22253,ACT,2
22268,RDA,2
22304,ACT,2
22319,RDA,2
22355,ACT,2
22370,RDA,2
22406,ACT,2
22421,RDA,2
22457,ACT,2
22472,RDA,2
22508,ACT,2
22523,RDA,2
22559,ACT,2
22574,RDA,2
22610,ACT,2
22625,RDA,2
22626,ACT,1
22641,RDA,1
22661,ACT,2
22676,RDA,2
22677,ACT,0
22692,RDA,0
22693,ACT,3
22708,RDA,3
22744,ACT,3
22759,RDA,3
22795,ACT,3
22810,RDA,3
22846,ACT,3
22861,RDA,3
22897,ACT,3
22912,RDA,3
22948,ACT,3
22963,RDA,3
22999,ACT,3
23014,RDA,3
23015,ACT,2
23030,RDA,2
23050,ACT,3
23065,RDA,3
23101,ACT,3
23116,RDA,3
23152,ACT,3
23167,RDA,3
23203,ACT,3
23218,RDA,3
23254,ACT,3
23269,RDA,3
23270,ACT,7
23285,RDA,7
23321,ACT,7
23336,RDA,7
23372,ACT,7
23387,RDA,7
23423,ACT,7
23438,RDA,7
23474,ACT,7
23489,RDA,7
23490,ACT,0
23505,RDA,0
23541,ACT,0
23556,RDA,0
23592,ACT,0
23607,RDA,0
23608,ACT,3
23623,RDA,3
23659,ACT,3
23674,RDA,3
23710,ACT,3
23725,RDA,3
23726,ACT,5
23741,RDA,5
23742,ACT,0
23757,RDA,0
23758,ACT,2
23773,RDA,2
23777,ACT,5
23792,RDA,5
23793,ACT,0
23808,RDA,0
23809,ACT,2
23824,RDA,2
23844,ACT,0
23859,RDA,0
23860,ACT,5
23875,RDA,5
23876,ACT,2
23891,RDA,2
23895,ACT,0
23910,RDA,0
23911,ACT,5
23926,RDA,5
23927,ACT,2
23942,RDA,2
23946,ACT,0
23961,RDA,0
23962,ACT,5
23977,RDA,5
23997,ACT,0
24012,RDA,0
24013,ACT,3
24028,RDA,3
24064,ACT,3
24079,RDA,3
24115,ACT,3
24130,RDA,3
24166,ACT,3
24181,RDA,3
24217,ACT,3
24232,RDA,3
24268,ACT,3
24283,RDA,3
24319,ACT,3
24334,RDA,3
24335,ACT,1
24350,RDA,1
24370,ACT,3
24385,RDA,3
24421,ACT,3
24436,RDA,3
24472,ACT,3
24487,RDA,3
24523,ACT,3
24538,RDA,3
24574,ACT,3
24589,RDA,3
24625,ACT,3
24640,RDA,3
24676,ACT,3
24691,RDA,3
24727,ACT,3
24742,RDA,3
24743,ACT,7
24758,RDA,7
24794,ACT,7
24809,RDA,7
24845,ACT,7
24860,RDA,7
24896,ACT,7
24911,RDA,7
24947,ACT,7
24962,RDA,7
24998,REF,0
25102,ACT,7
25117,RDA,7
25153,ACT,7
25168,RDA,7
25204,ACT,7
25219,RDA,7
25255,ACT,7
25270,RDA,7
25306,ACT,7
25321,RDA,7
25357,ACT,7
25372,RDA,7
25408,ACT,7
25423,RDA,7
25459,ACT,7
25474,RDA,7
25510,ACT,7
25525,RDA,7
25561,ACT,7
25576,RDA,7
25577,ACT,3
25592,RDA,3
25628,ACT,3
25643,RDA,3
25679,ACT,3
25694,RDA,3
25730,ACT,3
25745,RDA,3
25781,ACT,3
25796,RDA,3
25832,ACT,3
25847,RDA,3
25883,ACT,3
25898,RDA,3
25934,ACT,3
25949,RDA,3
25985,ACT,3
26000,RDA,3
26001,ACT,2
26016,RDA,2
26017,ACT,0
26032,RDA,0
26036,ACT,3
26051,RDA,3
26087,ACT,3
26102,RDA,3
26103,ACT,2
26118,RDA,2
26119,ACT,0
26134,RDA,0
26135,ACT,5
26150,RDA,5
26170,ACT,0
26185,RDA,0
26186,ACT,5
26201,RDA,5
26221,ACT,0
26236,RDA,0
26272,ACT,0
26287,RDA,0
26288,ACT,1
26303,RDA,1
26304,ACT,2
26319,RDA,2
26355,ACT,2
26370,RDA,2
26406,ACT,2
26421,RDA,2
26422,ACT,0
26437,RDA,0
26473,ACT,0
26488,RDA,0
26489,ACT,5
26504,RDA,5
26505,ACT,2
26520,RDA,2
26524,ACT,0
26539,RDA,0
26575,ACT,0
26590,RDA,0
26591,ACT,5
26606,RDA,5
26607,ACT,2
26622,RDA,2
26626,ACT,0
26641,RDA,0
26642,ACT,5
26657,RDA,5
26677,ACT,0
26692,RDA,0
26728,ACT,0
26743,RDA,0
26744,ACT,5
26759,RDA,5
26779,ACT,0
26794,RDA,0
26795,ACT,5
26810,RDA,5
26846,ACT,5
26861,RDA,5
26862,ACT,0
26877,RDA,0
26878,ACT,2
26893,RDA,2
26913,ACT,0
26928,RDA,0
26929,ACT,2
26944,RDA,2
26945,ACT,3
26960,RDA,3
26996,ACT,3
27011,RDA,3
27047,ACT,3
27062,RDA,3
27098,ACT,3
27113,RDA,3
27149,ACT,3
27164,RDA,3
27200,ACT,3
27215,RDA,3
27251,ACT,3
27266,RDA,3
27302,ACT,3
27317,RDA,3
27353,ACT,3
27368,RDA,3
27404,ACT,3
27419,RDA,3
27455,ACT,3
27470,RDA,3
27471,ACT,7
27486,RDA,7
27522,ACT,7
27537,RDA,7
27573,ACT,7
27588,RDA,7
27589,ACT,3
27604,RDA,3
27624,ACT,7
27639,RDA,7
27675,ACT,7
27690,RDA,7
27726,ACT,7
27741,RDA,7
27777,ACT,7
27792,RDA,7
27828,ACT,7
27843,RDA,7
27879,ACT,7
27894,RDA,7
27930,ACT,7
27945,RDA,7
27981,ACT,7
27996,RDA,7
28032,ACT,7
28047,RDA,7
28083,ACT,7
28098,RDA,7
28134,REF,0
28238,ACT,1
28253,RDA,1
28254,ACT,7
28269,RDA,7
28305,ACT,7
28320,RDA,7
28356,ACT,7
28371,RDA,7
28372,ACT,1
28387,RDA,1
28423,ACT,1
28438,RDA,1
28474,ACT,1
28489,RDA,1
28525,ACT,1
28540,RDA,1
28541,ACT,2
28556,RDA,2
28576,ACT,1
28591,RDA,1
28627,ACT,1
28642,RDA,1
28643,ACT,7
28658,RDA,7
28694,ACT,7
28709,RDA,7
28745,ACT,7
28760,RDA,7
28761,ACT,1
28776,RDA,1
28777,ACT,3
28792,RDA,3
28828,ACT,3
28843,RDA,3
28879,ACT,3
28894,RDA,3
28930,ACT,3
28945,RDA,3
28981,ACT,3
28996,RDA,3
29032,ACT,3
29047,RDA,3
29083,ACT,3
29098,RDA,3
29134,ACT,3
29149,RDA,3
29150,ACT,1
29165,RDA,1
29201,ACT,1
29216,RDA,1
29217,ACT,7
29232,RDA,7
29268,ACT,7
29283,RDA,7
29319,ACT,7
29334,RDA,7
29335,ACT,3
29350,RDA,3
29386,ACT,3
29401,RDA,3
29437,ACT,3
29452,RDA,3
29453,ACT,0
29468,RDA,0
29969,ACT,5
29984,RDA,5
30117,ACT,0
30132,RDA,0
30569,ACT,5
30584,RDA,5
31152,ACT,0
31167,RDA,0
31203,REF,0
31307,ACT,0
31322,RDA,0
31518,ACT,5
31533,RDA,5
31930,ACT,5
31945,RDA,5
32209,ACT,0
32224,RDA,0
32659,ACT,5
32674,RDA,5
33183,ACT,0
33198,RDA,0
33278,ACT,0
33293,RDA,0
33818,ACT,5
33833,RDA,5
33936,ACT,0
33951,RDA,0
34184,ACT,5
34199,RDA,5
34320,REF,0
34578,ACT,5
34593,RDA,5
35107,ACT,0
35122,RDA,0
35279,ACT,0
35294,RDA,0
35683,ACT,5
35698,RDA,5
36230,ACT,0
36245,RDA,0
36375,ACT,0
36390,RDA,0
36922,ACT,5
36937,RDA,5
37440,REF,0
37561,ACT,0
37576,RDA,0
37643,ACT,0
37658,RDA,0
37891,ACT,5
37906,RDA,5
38346,ACT,5
38361,RDA,5
38894,ACT,0
38909,RDA,0
39039,ACT,0
39054,RDA,0
39165,ACT,5
39180,RDA,5
39529,ACT,0
39544,RDA,0
39569,ACT,2
39584,RDA,2
39620,ACT,2
39635,RDA,2
39925,ACT,2
39940,RDA,2
40005,ACT,0
40020,RDA,0
40218,ACT,0
40233,RDA,0
40304,ACT,5
40319,RDA,5
40560,REF,0
40664,ACT,0
40679,RDA,0
41154,ACT,2
41169,RDA,2
41517,ACT,0
41532,RDA,0
41855,ACT,3
41870,RDA,3
41980,ACT,0
41995,RDA,0
42113,ACT,5
42128,RDA,5
42976,ACT,0
42991,RDA,0
43633,ACT,0
43648,RDA,0
43684,REF,0
43788,ACT,0
43803,RDA,0
44208,ACT,5
44223,RDA,5
44380,ACT,0
44395,RDA,0
44775,ACT,5
44790,RDA,5
45051,ACT,0
45066,RDA,0
45455,ACT,5
45470,RDA,5
46045,ACT,0
46060,RDA,0
46140,ACT,0
46155,RDA,0
46800,REF,0
46916,ACT,5
46931,RDA,5
47008,ACT,0
47023,RDA,0
47256,ACT,5
47271,RDA,5
47738,ACT,5
47753,RDA,5
48010,ACT,0
48025,RDA,0
48449,ACT,5
48464,RDA,5
48672,ACT,0
48687,RDA,0
49154,ACT,5
49169,RDA,5
49329,ACT,0
49344,RDA,0
49878,ACT,5
49893,RDA,5
49929,REF,0
50033,ACT,0
50048,RDA,0
50590,ACT,5
50605,RDA,5
50685,ACT,0
50700,RDA,0
50933,ACT,5
50948,RDA,5
51328,ACT,5
51343,RDA,5
51370,ACT,0
51385,RDA,0
51421,ACT,0
51436,RDA,0
51472,ACT,0
51487,RDA,0
51532,ACT,0
51547,RDA,0
51575,ACT,6
51590,RDA,6
51626,ACT,6
51641,RDA,6
51677,ACT,6
51692,RDA,6
51732,ACT,6
51747,RDA,6
52012,ACT,0
52027,RDA,0
52101,ACT,5
52116,RDA,5
52141,ACT,0
52156,RDA,0
52341,ACT,0
52356,RDA,0
53040,REF,0
53159,ACT,0
53174,RDA,0
53418,ACT,0
53433,RDA,0
54592,ACT,5
54607,RDA,5
54741,ACT,5
54756,RDA,5
55766,ACT,0
55781,RDA,0
56160,REF,0
56297,ACT,5
56312,RDA,5
56915,ACT,5
56930,RDA,5
57946,ACT,5
57961,RDA,5
57997,ACT,5
58012,RDA,5
58048,ACT,5
58063,RDA,5
58099,ACT,5
58114,RDA,5
58150,ACT,5
58165,RDA,5
58201,ACT,5
58216,RDA,5
58252,ACT,5
58267,RDA,5
58303,ACT,5
58318,RDA,5
58354,ACT,5
58369,RDA,5
58370,ACT,2
58385,RDA,2
58421,ACT,2
58436,RDA,2
58472,ACT,2
58487,RDA,2
58523,ACT,2
58538,RDA,2
58574,ACT,2
58589,RDA,2
58625,ACT,2
58640,RDA,2
58676,ACT,2
58691,RDA,2
58727,ACT,2
58742,RDA,2
58778,ACT,2
58793,RDA,2
58829,ACT,2
58844,RDA,2
58880,ACT,2
58895,RDA,2
58931,ACT,2
58946,RDA,2
58982,ACT,2
58997,RDA,2
59033,ACT,2
59048,RDA,2
59084,ACT,2
59099,RDA,2
59135,ACT,2
59150,RDA,2
59186,ACT,2
59201,RDA,2
59237,ACT,2
59252,RDA,2
59288,ACT,2
59303,RDA,2
59339,REF,0
59443,ACT,2
59458,RDA,2
59459,ACT,5
59474,RDA,5
59494,ACT,2
59509,RDA,2
59510,ACT,4
59525,RDA,4
59545,ACT,2
59560,RDA,2
59596,ACT,2
59611,RDA,2
59647,ACT,2
59662,RDA,2
59698,ACT,2
59713,RDA,2
59714,ACT,5
59729,RDA,5
59730,ACT,0
59745,RDA,0
59781,ACT,0
59796,RDA,0
59832,ACT,0
59847,RDA,0
59883,ACT,0
59898,RDA,0
59934,ACT,0
59949,RDA,0
59985,ACT,0
60000,RDA,0
60036,ACT,0
60051,RDA,0
60087,ACT,0
60102,RDA,0
60103,ACT,1
60118,RDA,1
60154,ACT,1
60169,RDA,1
60205,ACT,1
60220,RDA,1
60256,ACT,1
60271,RDA,1
60307,ACT,1
60322,RDA,1
60358,ACT,1
60373,RDA,1
60409,ACT,1
60424,RDA,1
60460,ACT,1
60475,RDA,1
60511,ACT,1
60526,RDA,1
60562,ACT,1
60577,RDA,1
60613,ACT,1
60628,RDA,1
60664,ACT,1
60679,RDA,1
60715,ACT,1
60730,RDA,1
60766,ACT,1
60781,RDA,1
60782,ACT,2
60797,RDA,2
60817,ACT,1
60832,RDA,1
60868,ACT,1
60883,RDA,1
60919,ACT,1
60934,RDA,1
60970,ACT,1
60985,RDA,1
61021,ACT,1
61036,RDA,1
61072,ACT,1
61087,RDA,1
61123,ACT,1
61138,RDA,1
61174,ACT,1
61189,RDA,1
61225,ACT,1
61240,RDA,1
61276,ACT,1
61291,RDA,1
61327,ACT,1
61342,RDA,1
61378,ACT,1
61393,RDA,1
61429,ACT,1
61444,RDA,1
61480,ACT,1
61495,RDA,1
61531,ACT,1
61546,RDA,1
61582,ACT,1
61597,RDA,1
61633,ACT,1
61648,RDA,1
61684,ACT,1
61699,RDA,1
61735,ACT,1
61750,RDA,1
61786,ACT,1
61801,RDA,1
61837,ACT,1
61852,RDA,1
61888,ACT,1
61903,RDA,1
61939,ACT,1
61954,RDA,1
61990,ACT,1
62005,RDA,1
62041,ACT,1
62056,RDA,1
62057,ACT,0
62072,RDA,0
62108,ACT,0
62123,RDA,0
62124,ACT,1
62139,RDA,1
62159,ACT,0
62174,RDA,0
62210,ACT,0
62225,RDA,0
62261,ACT,0
62276,RDA,0
62277,ACT,1
62292,RDA,1
62328,ACT,1
62343,RDA,1
62379,ACT,1
62394,RDA,1
62430,ACT,1
62445,RDA,1
62481,REF,0
62585,ACT,1
62600,RDA,1
62636,ACT,1
62651,RDA,1
62687,ACT,1
62702,RDA,1
62738,ACT,1
62753,RDA,1
62789,ACT,1
62804,RDA,1
62840,ACT,1
62855,RDA,1
62891,ACT,1
62906,RDA,1
62942,ACT,1
62957,RDA,1
62993,ACT,1
63008,RDA,1
63044,ACT,1
63059,RDA,1
63095,ACT,1
63110,RDA,1
63146,ACT,1
63161,RDA,1
63197,ACT,1
63212,RDA,1
63248,ACT,1
63263,RDA,1
63299,ACT,1
63314,RDA,1
63350,ACT,1
63365,RDA,1
63366,ACT,6
63381,RDA,6
63401,ACT,1
63416,RDA,1
63452,ACT,1
63467,RDA,1
63503,ACT,1
63518,RDA,1
63554,ACT,1
63569,RDA,1
63605,ACT,1
63620,RDA,1
63656,ACT,1
63671,RDA,1
63707,ACT,1
63722,RDA,1
63758,ACT,1
63773,RDA,1
63809,ACT,1
63824,RDA,1
63860,ACT,1
63875,RDA,1
63911,ACT,1
63926,RDA,1
63962,ACT,1
63977,RDA,1
64013,ACT,1
64028,RDA,1
64064,ACT,1
64079,RDA,1
64115,ACT,1
64130,RDA,1
64166,ACT,1
64181,RDA,1
64217,ACT,1
64232,RDA,1
64268,ACT,1
64283,RDA,1
64319,ACT,1
64334,RDA,1
64370,ACT,1
64385,RDA,1
64421,ACT,1
64436,RDA,1
64472,ACT,1
64487,RDA,1
64523,ACT,1
64538,RDA,1
64574,ACT,1
64589,RDA,1
64625,ACT,1
64640,RDA,1
64676,ACT,1
64691,RDA,1
64727,ACT,1
64742,RDA,1
64778,ACT,1
64793,RDA,1
64829,ACT,1
64844,RDA,1
64880,ACT,1
64895,RDA,1
64931,ACT,1
64946,RDA,1
64982,ACT,1
64997,RDA,1
65033,ACT,1
65048,RDA,1
65084,ACT,1
65099,RDA,1
65135,ACT,1
65150,RDA,1
65186,ACT,1
65201,RDA,1
65202,ACT,2
65217,RDA,2
65237,ACT,1
65252,RDA,1
65288,ACT,1
65303,RDA,1
65339,ACT,1
65354,RDA,1
65355,ACT,2
65370,RDA,2
65390,ACT,1
65405,RDA,1
65406,ACT,0
65421,RDA,0
65422,ACT,5
65437,RDA,5
65473,ACT,5
65488,RDA,5
65489,ACT,0
65504,RDA,0
65540,ACT,0
65555,RDA,0
65591,REF,0
65695,ACT,4
65710,RDA,4
65711,ACT,2
65726,RDA,2
65727,ACT,3
65742,RDA,3
65778,ACT,3
65793,RDA,3
65794,ACT,2
65809,RDA,2
65845,ACT,2
65860,RDA,2
65861,ACT,3
65876,RDA,3
65912,ACT,3
65927,RDA,3
65963,ACT,3
65978,RDA,3
65979,ACT,0
65994,RDA,0
65995,ACT,2
66010,RDA,2
66030,ACT,0
66045,RDA,0
66046,ACT,3
66061,RDA,3
66081,ACT,0
66096,RDA,0
66097,ACT,2
66112,RDA,2
66113,ACT,3
66128,RDA,3
66129,ACT,4
66144,RDA,4
66180,ACT,4
66195,RDA,4
66231,ACT,4
66246,RDA,4
66247,ACT,2
66262,RDA,2
66282,ACT,4
66297,RDA,4
66333,ACT,4
66348,RDA,4
66384,ACT,4
66399,RDA,4
66400,ACT,2
66415,RDA,2
66435,ACT,4
66450,RDA,4
66486,ACT,4
66501,RDA,4
66537,ACT,4
66552,RDA,4
66588,ACT,4
66603,RDA,4
66639,ACT,4
66654,RDA,4
66690,ACT,4
66705,RDA,4
66741,ACT,4
66756,RDA,4
66792,ACT,4
66807,RDA,4
66843,ACT,4
66858,RDA,4
66894,ACT,4
66909,RDA,4
66945,ACT,4
66960,RDA,4
66961,ACT,0
66976,RDA,0
67012,ACT,0
67027,RDA,0
67028,ACT,2
67043,RDA,2
67063,ACT,0
67078,RDA,0
67079,ACT,3
67094,RDA,3
67095,ACT,2
67110,RDA,2
67114,ACT,0
67129,RDA,0
67165,ACT,0
67180,RDA,0
67181,ACT,2
67196,RDA,2
67216,ACT,0
67231,RDA,0
67267,ACT,0
67282,RDA,0
67329,ACT,0
67344,RDA,0
67380,ACT,0
67395,RDA,0
67431,ACT,0
67446,RDA,0
67482,ACT,0
67497,RDA,0
67773,ACT,0
67788,RDA,0
68640,REF,0
68954,ACT,2
68969,RDA,2
70140,ACT,2
70155,RDA,2
71329,ACT,2
71344,RDA,2
71760,REF,0
72514,ACT,2
72529,RDA,2
72730,ACT,2
72745,RDA,2
72770,ACT,4
72785,RDA,4
72821,ACT,4
72836,RDA,4
72872,ACT,4
72887,RDA,4
73873,ACT,4
73888,RDA,4
74880,REF,0
75137,ACT,2
75152,RDA,2
75656,ACT,2
75671,RDA,2
75696,ACT,3
75711,RDA,3
75747,ACT,3
75762,RDA,3
75765,ACT,0
75780,RDA,0
75798,ACT,3
75813,RDA,3
75849,ACT,3
75864,RDA,3
75900,ACT,3
75915,RDA,3
75958,ACT,3
75973,RDA,3
76054,ACT,2
76069,RDA,2
76150,ACT,2
76165,RDA,2
76246,ACT,2
76261,RDA,2
76342,ACT,2
76357,RDA,2
76438,ACT,2
76453,RDA,2
76534,ACT,2
76549,RDA,2
76630,ACT,2
76645,RDA,2
76748,ACT,2
76763,RDA,2
76844,ACT,2
76859,RDA,2
76940,ACT,2
76955,RDA,2
77036,ACT,2
77051,RDA,2
77132,ACT,2
77147,RDA,2
77228,ACT,2
77243,RDA,2
77324,ACT,2
77339,RDA,2
77420,ACT,2
77435,RDA,2
77516,ACT,2
77531,RDA,2
77612,ACT,2
77627,RDA,2
77708,ACT,2
77723,RDA,2
77804,ACT,2
77819,RDA,2
77900,ACT,2
77915,RDA,2
77996,ACT,2
78011,RDA,2
78047,REF,0
78151,ACT,2
78166,RDA,2
78202,ACT,2
78217,RDA,2
78299,ACT,2
78314,RDA,2
78395,ACT,2
78410,RDA,2
78491,ACT,2
78506,RDA,2
78587,ACT,2
78602,RDA,2
78683,ACT,2
78698,RDA,2
78779,ACT,2
78794,RDA,2
78875,ACT,2
78890,RDA,2
78971,ACT,2
78986,RDA,2
79031,ACT,2
79046,RDA,2
79075,ACT,0
79090,RDA,0
79126,ACT,0
79141,RDA,0
79177,ACT,0
79192,RDA,0
79228,ACT,0
79243,RDA,0
79279,ACT,0
79294,RDA,0
79330,ACT,0
79345,RDA,0
79409,ACT,0
79424,RDA,0
79694,ACT,3
79709,RDA,3
79738,ACT,5
79753,RDA,5
79789,ACT,5
79804,RDA,5
79840,ACT,5
79855,RDA,5
79856,ACT,0
79871,RDA,0
79907,ACT,0
79922,RDA,0
79958,ACT,0
79973,RDA,0
79974,ACT,5
79989,RDA,5
80126,ACT,0
80141,RDA,0
80318,ACT,5
80333,RDA,5
80510,ACT,5
80525,RDA,5
80702,ACT,5
80717,RDA,5
80894,ACT,5
80909,RDA,5
81088,ACT,5
81103,RDA,5
81139,REF,0
81305,ACT,5
81320,RDA,5
81513,ACT,5
81528,RDA,5
81721,ACT,5
81736,RDA,5
81934,ACT,5
81949,RDA,5
82199,ACT,5
82214,RDA,5
82455,ACT,5
82470,RDA,5
82711,ACT,5
82726,RDA,5
82967,ACT,5
82982,RDA,5
83223,ACT,5
83238,RDA,5
83490,ACT,5
83505,RDA,5
83611,ACT,0
83626,RDA,0
83726,ACT,0
83741,RDA,0
83837,ACT,0
83852,RDA,0
83951,ACT,0
83966,RDA,0
84002,ACT,0
84017,RDA,0
84062,ACT,3
84077,RDA,3
84179,ACT,0
84194,RDA,0
84230,ACT,0
84245,RDA,0
84281,REF,0
84385,ACT,3
84400,RDA,3
84401,ACT,0
84416,RDA,0
85467,ACT,0
85482,RDA,0
85611,ACT,0
85626,RDA,0
85740,ACT,0
85755,RDA,0
85791,ACT,0
85806,RDA,0
86087,ACT,0
86102,RDA,0
86262,ACT,5
86277,RDA,5
86298,ACT,0
86313,RDA,0
86367,ACT,0
86382,RDA,0
86410,ACT,1
86425,RDA,1
86452,ACT,4
86467,RDA,4
86503,ACT,4
86518,RDA,4
86541,ACT,0
86556,RDA,0
86592,ACT,0
86607,RDA,0
86643,ACT,0
86658,RDA,0
86694,ACT,0
86709,RDA,0
86710,ACT,4
86725,RDA,4
86761,ACT,4
86776,RDA,4
86812,ACT,4
86827,RDA,4
86863,ACT,4
86878,RDA,4
86914,ACT,4
86929,RDA,4
86965,ACT,4
86980,RDA,4
87016,ACT,4
87031,RDA,4
87032,ACT,2
87047,RDA,2
87067,ACT,4
87082,RDA,4
87118,ACT,4
87133,RDA,4
87169,ACT,4
87184,RDA,4
87220,ACT,4
87235,RDA,4
87241,ACT,0
87256,RDA,0
87292,ACT,0
87307,RDA,0
87343,ACT,0
87358,RDA,0
87394,REF,0
87498,ACT,0
87513,RDA,0
87549,ACT,0
87564,RDA,0
87600,ACT,0
87615,RDA,0
87616,ACT,6
87631,RDA,6
87632,ACT,3
87647,RDA,3
87667,ACT,6
87682,RDA,6
87718,ACT,6
87733,RDA,6
87769,ACT,6
87784,RDA,6
87820,ACT,6
87835,RDA,6
87871,ACT,6
87886,RDA,6
87887,ACT,7
87902,RDA,7
87938,ACT,7
87953,RDA,7
87954,ACT,3
87969,RDA,3
87989,ACT,7
88004,RDA,7
88040,ACT,7
88055,RDA,7
88095,ACT,3
88110,RDA,3
88128,ACT,7
88143,RDA,7
88179,ACT,7
88194,RDA,7
88230,ACT,7
88245,RDA,7
88281,ACT,7
88296,RDA,7
88332,ACT,7
88347,RDA,7
88383,ACT,7
88398,RDA,7
88399,ACT,6
88414,RDA,6
88450,ACT,6
88465,RDA,6
88501,ACT,6
88516,RDA,6
88552,ACT,6
88567,RDA,6
88603,ACT,6
88618,RDA,6
88654,ACT,6
88669,RDA,6
88705,ACT,6
88720,RDA,6
88756,ACT,6
88771,RDA,6
88807,ACT,6
88822,RDA,6
88858,ACT,6
88873,RDA,6
88909,ACT,6
88924,RDA,6
88960,ACT,6
88975,RDA,6
88976,ACT,7
88991,RDA,7
89027,ACT,7
89042,RDA,7
89043,ACT,0
89058,RDA,0
89059,ACT,1
89074,RDA,1
89094,ACT,0
89109,RDA,0
89145,ACT,0
89160,RDA,0
89247,ACT,0
89262,RDA,0
89360,ACT,0
89375,RDA,0
89411,ACT,0
89426,RDA,0
89462,ACT,0
89477,RDA,0
89478,ACT,7
89493,RDA,7
89529,ACT,7
89544,RDA,7
89580,ACT,7
89595,RDA,7
89631,ACT,7
89646,RDA,7
89682,ACT,7
89697,RDA,7
89733,ACT,7
89748,RDA,7
89784,ACT,7
89799,RDA,7
89835,ACT,7
89850,RDA,7
89957,ACT,7
89972,RDA,7
90008,ACT,7
90023,RDA,7
90059,ACT,7
90074,RDA,7
90110,ACT,7
90125,RDA,7
90161,ACT,7
90176,RDA,7
90212,ACT,7
90227,RDA,7
90263,ACT,7
90278,RDA,7
90314,ACT,7
90329,RDA,7
90365,ACT,7
90380,RDA,7
90381,ACT,2
90396,RDA,2
90432,ACT,2
90447,RDA,2
90483,ACT,2
90498,RDA,2
90534,REF,0
90638,ACT,2
90653,RDA,2
90654,ACT,7
90669,RDA,7
90670,ACT,1
90685,RDA,1
90705,ACT,7
90720,RDA,7
90756,ACT,7
90771,RDA,7
90772,ACT,2
90787,RDA,2
90807,ACT,7
90822,RDA,7
90858,ACT,7
90873,RDA,7
90874,ACT,2
90889,RDA,2
90925,ACT,2
90940,RDA,2
90941,ACT,7
90956,RDA,7
90992,ACT,7
91007,RDA,7
91043,ACT,7
91058,RDA,7
91094,ACT,7
91109,RDA,7
91145,ACT,7
91160,RDA,7
91161,ACT,1
91176,RDA,1
91212,ACT,1
91227,RDA,1
91263,ACT,1
91278,RDA,1
91314,ACT,1
91329,RDA,1
91330,ACT,4
91345,RDA,4
91590,ACT,0
91605,RDA,0
91637,ACT,7
91652,RDA,7
91688,ACT,7
91703,RDA,7
91739,ACT,7
91754,RDA,7
91790,ACT,7
91805,RDA,7
91841,ACT,7
91856,RDA,7
91892,ACT,7
91907,RDA,7
91943,ACT,7
91958,RDA,7
91986,ACT,2
92001,RDA,2
92025,ACT,0
92040,RDA,0
92076,ACT,0
92091,RDA,0
92127,ACT,0
92142,RDA,0
92178,ACT,0
92193,RDA,0
92229,ACT,0
92244,RDA,0
92280,ACT,0
92295,RDA,0
92331,ACT,0
92346,RDA,0
92382,ACT,0
92397,RDA,0
92433,ACT,0
92448,RDA,0
92484,ACT,0
92499,RDA,0
92535,ACT,0
92550,RDA,0
92586,ACT,0
92601,RDA,0
92637,ACT,0
92652,RDA,0
92688,ACT,0
92703,RDA,0
92739,ACT,0
92754,RDA,0
92790,ACT,0
92805,RDA,0
92841,ACT,0
92856,RDA,0
92892,ACT,0
92907,RDA,0
92943,ACT,0
92958,RDA,0
92994,ACT,0
93009,RDA,0
93045,ACT,0
93060,RDA,0
93096,ACT,0
93111,RDA,0
93147,ACT,0
93162,RDA,0
93198,ACT,0
93213,RDA,0
93249,ACT,0
93264,RDA,0
93300,ACT,0
93315,RDA,0
93351,ACT,0
93366,RDA,0
93402,ACT,0
93417,RDA,0
93418,ACT,1
93433,RDA,1
93469,ACT,1
93484,RDA,1
93520,ACT,1
93535,RDA,1
93571,ACT,1
93586,RDA,1
93622,ACT,1
93637,RDA,1
93673,REF,0
93777,ACT,1
93792,RDA,1
93828,ACT,1
93843,RDA,1
93879,ACT,1
93894,RDA,1
93930,ACT,1
93945,RDA,1
93981,ACT,1
93996,RDA,1
94032,ACT,1
94047,RDA,1
94083,ACT,1
94098,RDA,1
94134,ACT,1
94149,RDA,1
94185,ACT,1
94200,RDA,1
94236,ACT,1
94251,RDA,1
94252,ACT,0
94267,RDA,0
94287,ACT,1
94302,RDA,1
94338,ACT,1
94353,RDA,1
94389,ACT,1
94404,RDA,1
94440,ACT,1
94455,RDA,1
94491,ACT,1
94506,RDA,1
94542,ACT,1
94557,RDA,1
94593,ACT,1
94608,RDA,1
94644,ACT,1
94659,RDA,1
94695,ACT,1
94710,RDA,1
94746,ACT,1
94761,RDA,1
94797,ACT,1
94812,RDA,1
94813,ACT,2
94828,RDA,2
94963,ACT,0
94978,RDA,0
95014,ACT,0
95029,RDA,0
95065,ACT,0
95080,RDA,0
95116,ACT,0
95131,RDA,0
95132,ACT,1
95147,RDA,1
95183,ACT,1
95198,RDA,1
95234,ACT,1
95249,RDA,1
95285,ACT,1
95300,RDA,1
95336,ACT,1
95351,RDA,1
95387,ACT,1
95402,RDA,1
95438,ACT,1
95453,RDA,1
95489,ACT,1
95504,RDA,1
95540,ACT,1
95555,RDA,1
95591,ACT,1
95606,RDA,1
95642,ACT,1
95657,RDA,1
95693,ACT,1
95708,RDA,1
95744,ACT,1
95759,RDA,1
95795,ACT,1
95810,RDA,1
95846,ACT,1
95861,RDA,1
95862,ACT,0
95877,RDA,0
95913,ACT,0
95928,RDA,0
96720,REF,0
98466,ACT,0
98481,RDA,0
98656,ACT,4
98671,RDA,4
98968,ACT,0
98983,RDA,0
99021,ACT,7
99036,RDA,7
99840,REF,0
100296,ACT,2
100311,RDA,2
100541,ACT,4
100556,RDA,4
100912,ACT,0
100927,RDA,0
102960,REF,0
104679,ACT,2
104694,RDA,2
104979,ACT,0
104994,RDA,0
105117,ACT,2
105132,RDA,2
105156,ACT,0
105171,RDA,0
105207,ACT,0
105222,RDA,0
105276,ACT,0
105291,RDA,0
105308,ACT,1
105323,RDA,1
105359,ACT,1
105374,RDA,1
105410,ACT,1
105425,RDA,1
105461,ACT,1
105476,RDA,1
105512,ACT,1
105527,RDA,1
105563,ACT,1
105578,RDA,1
105614,ACT,1
105629,RDA,1
105665,ACT,1
105680,RDA,1
105681,ACT,4
105696,RDA,4
105732,ACT,4
105747,RDA,4
105783,ACT,4
105798,RDA,4
105834,ACT,4
105849,RDA,4
105850,ACT,3
105865,RDA,3
105901,ACT,3
105916,RDA,3
105917,ACT,4
105932,RDA,4
105933,ACT,1
105948,RDA,1
105968,ACT,4
105983,RDA,4
105984,ACT,3
105999,RDA,3
106019,ACT,4
106034,RDA,4
106070,ACT,4
106085,RDA,4
106121,REF,0
106225,ACT,4
106240,RDA,4
106276,ACT,4
106291,RDA,4
106327,ACT,4
106342,RDA,4
106343,ACT,3
106358,RDA,3
106359,ACT,0
106374,RDA,0
106410,ACT,0
106425,RDA,0
106426,ACT,3
106441,RDA,3
106477,ACT,3
106492,RDA,3
106493,ACT,0
106508,RDA,0
106528,ACT,3
106543,RDA,3
106544,ACT,0
106559,RDA,0
106560,ACT,4
106575,RDA,4
106611,ACT,4
106626,RDA,4
106662,ACT,4
106677,RDA,4
106713,ACT,4
106728,RDA,4
106729,ACT,5
106744,RDA,5
106780,ACT,5
106795,RDA,5
106831,ACT,5
106846,RDA,5
106882,ACT,5
106897,RDA,5
106898,ACT,3
106913,RDA,3
106933,ACT,5
106948,RDA,5
106949,ACT,3
106964,RDA,3
106984,ACT,5
106999,RDA,5
107035,ACT,5
107050,RDA,5
107086,ACT,5
107101,RDA,5
107102,ACT,3
107117,RDA,3
107153,ACT,3
107168,RDA,3
107169,ACT,5
107184,RDA,5
107204,ACT,3
107219,RDA,3
107220,ACT,5
107235,RDA,5
107236,ACT,0
107251,RDA,0
107287,ACT,0
107302,RDA,0
107338,ACT,0
107353,RDA,0
107389,ACT,0
107404,RDA,0
107405,ACT,5
107420,RDA,5
107440,ACT,0
107455,RDA,0
107491,ACT,0
107506,RDA,0
107542,ACT,0
107557,RDA,0
107593,ACT,0
107608,RDA,0
107609,ACT,1
107624,RDA,1
107644,ACT,0
107659,RDA,0
107695,ACT,0
107710,RDA,0
107746,ACT,0
107761,RDA,0
107797,ACT,0
107812,RDA,0
107848,ACT,0
107863,RDA,0
107899,ACT,0
107914,RDA,0
107950,ACT,0
107965,RDA,0
108001,ACT,0
108016,RDA,0
108052,ACT,0
108067,RDA,0
108103,ACT,0
108118,RDA,0
108154,ACT,0
108169,RDA,0
108170,ACT,3
108185,RDA,3
108205,ACT,0
108220,RDA,0
108256,ACT,0
108271,RDA,0
108307,ACT,0
108322,RDA,0
108358,ACT,0
108373,RDA,0
108409,ACT,0
108424,RDA,0
108460,ACT,0
108475,RDA,0
108476,ACT,5
108491,RDA,5
108527,ACT,5
108542,RDA,5
108578,ACT,5
108593,RDA,5
108629,ACT,5
108644,RDA,5
108680,ACT,5
108695,RDA,5
108731,ACT,5
108746,RDA,5
108782,ACT,5
108797,RDA,5
108833,ACT,5
108848,RDA,5
108884,ACT,5
108899,RDA,5
108900,ACT,0
108915,RDA,0
108951,ACT,0
108966,RDA,0
109002,ACT,0
109017,RDA,0
109018,ACT,3
109033,RDA,3
109034,ACT,5
109049,RDA,5
109085,ACT,5
109100,RDA,5
109101,ACT,0
109116,RDA,0
109152,ACT,0
109167,RDA,0
109203,ACT,0
109218,RDA,0
109254,REF,0
109358,ACT,0
109373,RDA,0
109374,ACT,5
109389,RDA,5
109425,ACT,5
109440,RDA,5
109476,ACT,5
109491,RDA,5
109527,ACT,5
109542,RDA,5
109578,ACT,5
109593,RDA,5
109629,ACT,5
109644,RDA,5
109680,ACT,5
109695,RDA,5
109731,ACT,5
109746,RDA,5
109782,ACT,5
109797,RDA,5
109798,ACT,3
109813,RDA,3
109833,ACT,5
109848,RDA,5
109884,ACT,5
109899,RDA,5
109935,ACT,5
109950,RDA,5
109951,ACT,0
109966,RDA,0
109986,ACT,5
110001,RDA,5
110037,ACT,5
110052,RDA,5
110088,ACT,5
110103,RDA,5
110139,ACT,5
110154,RDA,5
110190,ACT,5
110205,RDA,5
110241,ACT,5
110256,RDA,5
110292,ACT,5
110307,RDA,5
110343,ACT,5
110358,RDA,5
110394,ACT,5
110409,RDA,5
110445,ACT,5
110460,RDA,5
110496,ACT,5
110511,RDA,5
110547,ACT,5
110562,RDA,5
110598,ACT,5
110613,RDA,5
110649,ACT,5
110664,RDA,5
110700,ACT,5
110715,RDA,5
110751,ACT,5
110766,RDA,5
110802,ACT,5
110817,RDA,5
110853,ACT,5
110868,RDA,5
110904,ACT,5
110919,RDA,5
110955,ACT,5
110970,RDA,5
111006,ACT,5
111021,RDA,5
111022,ACT,3
111037,RDA,3
111057,ACT,5
111072,RDA,5
111108,ACT,5
111123,RDA,5
111159,ACT,5
111174,RDA,5
111210,ACT,5
111225,RDA,5
111261,ACT,5
111276,RDA,5
111277,ACT,1
111292,RDA,1
111312,ACT,5
111327,RDA,5
111363,ACT,5
111378,RDA,5
111414,ACT,5
111429,RDA,5
111465,ACT,5
111480,RDA,5
111481,ACT,0
111496,RDA,0
111532,ACT,0
111547,RDA,0
111548,ACT,3
111563,RDA,3
111583,ACT,0
111598,RDA,0
111634,ACT,0
111649,RDA,0
111650,ACT,4
111665,WRA,4
111685,ACT,0
111700,RDA,0
111736,ACT,0
111751,RDA,0
111787,ACT,0
111802,RDA,0
111838,ACT,0
111853,RDA,0
111889,ACT,0
111904,RDA,0
111940,ACT,0
111955,RDA,0
111991,ACT,0
112006,RDA,0
112042,ACT,0
112057,RDA,0
112093,ACT,0
112108,RDA,0
112144,ACT,0
112159,RDA,0
112195,ACT,0
112210,RDA,0
112246,ACT,0
112261,RDA,0
112297,ACT,0
112312,RDA,0
112348,ACT,0
112363,RDA,0
112399,REF,0
112503,ACT,0
112518,RDA,0
112554,ACT,0
112569,RDA,0
112605,ACT,0
112620,RDA,0
112656,ACT,0
112671,RDA,0
112672,ACT,5
112687,RDA,5
112688,ACT,1
112703,RDA,1
112739,ACT,1
112754,RDA,1
112790,ACT,1
112805,RDA,1
112806,ACT,5
112821,RDA,5
112857,ACT,5
112872,RDA,5
112908,ACT,5
112923,RDA,5
112959,ACT,5
112974,RDA,5
113010,ACT,5
113025,RDA,5
113061,ACT,5
113076,RDA,5
113112,ACT,5
113127,RDA,5
113163,ACT,5
113178,RDA,5
113214,ACT,5
113229,RDA,5
113265,ACT,5
113280,RDA,5
113316,ACT,5
113331,RDA,5
113367,ACT,5
113382,RDA,5
113418,ACT,5
113433,RDA,5
113469,ACT,5
113484,RDA,5
113485,ACT,1
113500,RDA,1
113536,ACT,1
113551,RDA,1
113552,ACT,5
113567,RDA,5
113603,ACT,5
113618,RDA,5
113654,ACT,5
113669,RDA,5
113705,ACT,5
113720,RDA,5
113721,ACT,6
113736,RDA,6
113772,ACT,6
113787,RDA,6
113823,ACT,6
113838,RDA,6
113874,ACT,6
113889,RDA,6
113925,ACT,6
113940,RDA,6
113976,ACT,6
113991,RDA,6
114027,ACT,6
114042,RDA,6
114078,ACT,6
114093,RDA,6
114129,ACT,6
114144,RDA,6
114180,ACT,6
114195,RDA,6
114231,ACT,6
114246,RDA,6
114282,ACT,6
114297,RDA,6
114333,ACT,6
114348,RDA,6
114384,ACT,6
114399,RDA,6
114435,ACT,6
114450,RDA,6
114486,ACT,6
114501,RDA,6
114537,ACT,6
114552,RDA,6
114588,ACT,6
114603,RDA,6
114639,ACT,6
114654,RDA,6
114690,ACT,6
114705,RDA,6
114741,ACT,6
114756,RDA,6
114792,ACT,6
114807,RDA,6
114843,ACT,6
114858,RDA,6
114894,ACT,6
114909,RDA,6
114945,ACT,6
114960,RDA,6
114961,ACT,7
114976,RDA,7
114996,ACT,6
115011,RDA,6
115047,ACT,6
115062,RDA,6
115063,ACT,7
115078,RDA,7
115114,ACT,7
115129,RDA,7
115130,ACT,4
115145,RDA,4
115146,ACT,3
115161,RDA,3
115181,ACT,4
115196,RDA,4
115232,ACT,4
115247,RDA,4
115248,ACT,3
115263,RDA,3
115283,ACT,4
115298,RDA,4
115334,ACT,4
115349,WRA,4
115392,ACT,4
115407,RDA,4
115443,ACT,4
115458,WRA,4
